SF:lib/data/dto/current_weather/current_weather_dto.dart
DA:33,2
DA:34,2
DA:40,1
DA:41,2
DA:44,2
DA:46,1
DA:47,2
DA:48,5
DA:49,1
DA:50,2
DA:51,1
DA:52,2
DA:53,2
DA:55,2
DA:56,1
DA:57,1
DA:58,1
DA:59,1
LF:18
LH:18
end_of_record
SF:lib/data/dto/current_weather/current_weather_dto.g.dart
DA:9,2
DA:10,2
DA:11,2
DA:13,4
DA:14,2
DA:15,6
DA:16,2
DA:17,2
DA:18,2
DA:20,4
DA:21,2
DA:22,2
DA:24,4
DA:25,2
DA:27,4
DA:28,2
DA:29,2
DA:31,4
DA:32,2
DA:33,2
DA:34,2
DA:35,2
DA:38,0
DA:40,0
DA:41,0
DA:42,0
DA:43,0
DA:44,0
DA:45,0
DA:46,0
DA:47,0
DA:48,0
DA:49,0
DA:50,0
DA:51,0
DA:52,0
DA:53,0
LF:37
LH:22
end_of_record
SF:lib/data/dto/current_weather/clouds_dto.dart
DA:12,2
DA:13,2
DA:17,1
DA:18,1
DA:19,1
LF:5
LH:5
end_of_record
SF:lib/data/dto/current_weather/clouds_dto.g.dart
DA:9,4
DA:10,2
DA:13,0
DA:14,0
DA:15,0
LF:5
LH:2
end_of_record
SF:lib/data/dto/current_weather/coord_dto.g.dart
DA:9,4
DA:10,2
DA:11,2
DA:14,0
DA:15,0
DA:16,0
DA:17,0
LF:7
LH:3
end_of_record
SF:lib/data/dto/current_weather/coord_dto.dart
DA:15,2
DA:16,2
DA:20,1
DA:21,1
DA:22,1
DA:23,1
LF:6
LH:6
end_of_record
SF:lib/data/dto/current_weather/main_dto.dart
DA:19,2
DA:20,2
DA:24,1
DA:25,1
DA:26,1
DA:27,1
DA:28,1
DA:29,1
DA:30,1
DA:31,1
LF:10
LH:10
end_of_record
SF:lib/data/dto/current_weather/main_dto.g.dart
DA:9,4
DA:10,2
DA:11,2
DA:12,2
DA:13,2
DA:14,2
DA:15,2
DA:18,0
DA:19,0
DA:20,0
DA:21,0
DA:22,0
DA:23,0
DA:24,0
DA:25,0
LF:15
LH:7
end_of_record
SF:lib/data/dto/current_weather/sys_dto.dart
DA:18,4
DA:22,1
DA:23,1
DA:24,1
DA:25,1
DA:26,1
DA:27,3
DA:28,3
LF:8
LH:8
end_of_record
SF:lib/data/dto/current_weather/sys_dto.g.dart
DA:9,4
DA:10,2
DA:11,2
DA:12,2
DA:13,2
DA:14,2
DA:17,0
DA:18,0
DA:19,0
DA:20,0
DA:21,0
DA:22,0
LF:12
LH:6
end_of_record
SF:lib/data/dto/current_weather/weather_dto.dart
DA:17,2
DA:18,2
DA:22,1
DA:23,1
DA:24,1
DA:25,1
DA:26,1
DA:27,1
LF:8
LH:8
end_of_record
SF:lib/data/dto/current_weather/weather_dto.g.dart
DA:9,2
DA:10,2
DA:11,2
DA:12,2
DA:13,2
DA:14,2
DA:17,0
DA:18,0
DA:19,0
DA:20,0
DA:21,0
DA:22,0
LF:12
LH:6
end_of_record
SF:lib/data/dto/current_weather/wind_dto.g.dart
DA:9,4
DA:10,2
DA:11,2
DA:12,2
DA:15,0
DA:16,0
DA:17,0
DA:18,0
DA:19,0
LF:9
LH:4
end_of_record
SF:lib/data/dto/current_weather/wind_dto.dart
DA:16,2
DA:17,2
DA:21,1
DA:22,1
DA:23,1
DA:24,1
DA:25,1
LF:7
LH:7
end_of_record
SF:lib/domain/entities/current_weather/clouds_entity.dart
DA:6,3
DA:10,2
DA:11,4
LF:3
LH:3
end_of_record
SF:lib/domain/entities/current_weather/coord_entity.dart
DA:7,3
DA:12,2
DA:13,6
LF:3
LH:3
end_of_record
SF:lib/domain/entities/current_weather/current_weather_entity.dart
DA:25,2
DA:40,2
DA:41,2
DA:42,2
DA:43,2
DA:44,2
DA:45,2
DA:46,2
DA:47,2
DA:48,2
DA:49,2
DA:50,2
DA:51,2
DA:52,2
DA:53,2
DA:54,2
LF:16
LH:16
end_of_record
SF:lib/domain/entities/current_weather/main_entity.dart
DA:11,3
DA:20,2
DA:22,14
LF:3
LH:3
end_of_record
SF:lib/domain/entities/current_weather/sys_entity.dart
DA:10,2
DA:18,2
DA:19,12
LF:3
LH:3
end_of_record
SF:lib/domain/entities/current_weather/weather_entity.dart
DA:9,3
DA:16,2
DA:17,10
LF:3
LH:3
end_of_record
SF:lib/domain/entities/current_weather/wind_entity.dart
DA:8,3
DA:14,2
DA:15,8
LF:3
LH:3
end_of_record
SF:lib/data/dto/forecast_weather/forecast_weather_dto.dart
DA:20,2
DA:21,2
DA:25,1
DA:26,1
DA:27,2
DA:28,1
DA:29,1
DA:30,5
DA:31,1
LF:9
LH:9
end_of_record
SF:lib/data/dto/forecast_weather/forecast_weather_dto.g.dart
DA:9,2
DA:11,2
DA:12,2
DA:14,4
DA:15,2
DA:16,2
DA:17,2
DA:18,6
DA:19,2
DA:20,2
DA:23,0
DA:25,0
DA:26,0
DA:27,0
DA:28,0
DA:29,0
DA:30,0
LF:17
LH:10
end_of_record
SF:lib/data/dto/forecast_weather/city_dto.g.dart
DA:9,4
DA:10,2
DA:12,4
DA:13,2
DA:14,2
DA:15,2
DA:16,2
DA:17,2
DA:18,2
DA:19,2
DA:22,0
DA:23,0
DA:24,0
DA:25,0
DA:26,0
DA:27,0
DA:28,0
DA:29,0
DA:30,0
DA:31,0
LF:20
LH:10
end_of_record
SF:lib/data/dto/forecast_weather/city_dto.dart
DA:22,2
DA:23,2
DA:27,1
DA:28,1
DA:29,2
DA:30,1
DA:31,1
DA:32,1
DA:33,1
DA:34,3
DA:35,3
DA:36,1
LF:12
LH:12
end_of_record
SF:lib/data/dto/forecast_weather/clouds_dto.g.dart
DA:9,4
DA:10,2
DA:13,0
DA:14,0
DA:15,0
LF:5
LH:2
end_of_record
SF:lib/data/dto/forecast_weather/clouds_dto.dart
DA:12,2
DA:13,2
DA:17,1
DA:18,1
DA:19,1
LF:5
LH:5
end_of_record
SF:lib/data/dto/forecast_weather/coord_dto.dart
DA:15,2
DA:16,2
DA:20,1
DA:21,1
DA:22,1
DA:23,1
LF:6
LH:6
end_of_record
SF:lib/data/dto/forecast_weather/coord_dto.g.dart
DA:9,4
DA:10,2
DA:11,2
DA:14,0
DA:15,0
DA:16,0
DA:17,0
LF:7
LH:3
end_of_record
SF:lib/data/dto/forecast_weather/forecast_part_dto.dart
DA:29,2
DA:30,2
DA:36,1
DA:37,2
DA:40,2
DA:42,1
DA:43,2
DA:45,1
DA:46,2
DA:47,1
DA:48,1
DA:49,2
DA:50,1
DA:51,5
DA:52,2
LF:15
LH:15
end_of_record
SF:lib/data/dto/forecast_weather/forecast_part_dto.g.dart
DA:9,2
DA:10,2
DA:11,2
DA:13,4
DA:14,2
DA:15,2
DA:16,2
DA:18,4
DA:19,2
DA:20,2
DA:22,0
DA:23,2
DA:25,4
DA:26,2
DA:27,2
DA:28,6
DA:29,2
DA:30,2
DA:32,4
DA:35,0
DA:36,0
DA:37,0
DA:38,0
DA:39,0
DA:40,0
DA:41,0
DA:42,0
DA:43,0
DA:44,0
DA:45,0
DA:46,0
LF:31
LH:18
end_of_record
SF:lib/data/dto/forecast_weather/main_dto.g.dart
DA:9,4
DA:10,4
DA:11,2
DA:12,2
DA:13,2
DA:14,2
DA:15,4
DA:16,4
DA:17,4
DA:18,4
DA:21,0
DA:22,0
DA:23,0
DA:24,0
DA:25,0
DA:26,0
DA:27,0
DA:28,0
DA:29,0
DA:30,0
DA:31,0
LF:21
LH:10
end_of_record
SF:lib/data/dto/forecast_weather/main_dto.dart
DA:22,2
DA:23,2
DA:27,1
DA:28,1
DA:29,1
DA:30,1
DA:31,1
DA:32,1
DA:33,1
DA:34,1
DA:35,1
DA:36,1
DA:37,1
LF:13
LH:13
end_of_record
SF:lib/data/dto/forecast_weather/sys_dto.g.dart
DA:9,4
DA:10,2
DA:13,0
DA:14,0
LF:4
LH:2
end_of_record
SF:lib/data/dto/forecast_weather/sys_dto.dart
DA:12,4
DA:16,1
DA:17,2
LF:3
LH:3
end_of_record
SF:lib/data/dto/forecast_weather/weather_dto.dart
DA:17,2
DA:18,2
DA:22,1
DA:23,1
DA:24,1
DA:25,1
DA:26,1
DA:27,1
LF:8
LH:8
end_of_record
SF:lib/data/dto/forecast_weather/weather_dto.g.dart
DA:9,2
DA:10,2
DA:11,2
DA:12,2
DA:13,2
DA:14,2
DA:17,0
DA:18,0
DA:19,0
DA:20,0
DA:21,0
DA:22,0
LF:12
LH:6
end_of_record
SF:lib/data/dto/forecast_weather/wind_dto.g.dart
DA:9,4
DA:10,2
DA:11,2
DA:12,2
DA:15,0
DA:16,0
DA:17,0
DA:18,0
DA:19,0
LF:9
LH:4
end_of_record
SF:lib/data/dto/forecast_weather/wind_dto.dart
DA:16,2
DA:17,2
DA:21,1
DA:22,1
DA:23,1
DA:24,1
DA:25,1
LF:7
LH:7
end_of_record
SF:lib/domain/entities/forecast_weather/weather_entity.dart
DA:9,2
DA:16,1
DA:17,5
LF:3
LH:3
end_of_record
SF:lib/domain/entities/forecast_weather/sys_entity.dart
DA:6,2
DA:8,1
DA:9,2
LF:3
LH:3
end_of_record
SF:lib/domain/entities/forecast_weather/main_entity.dart
DA:14,2
DA:26,1
DA:27,1
DA:28,1
DA:29,1
DA:30,1
DA:31,1
DA:32,1
DA:33,1
DA:34,1
DA:35,1
DA:36,1
LF:12
LH:12
end_of_record
SF:lib/domain/entities/forecast_weather/city_entity.dart
DA:14,1
DA:25,1
DA:27,9
LF:3
LH:3
end_of_record
SF:lib/domain/entities/forecast_weather/clouds_entity.dart
DA:6,2
DA:10,1
DA:11,2
LF:3
LH:3
end_of_record
SF:lib/domain/entities/forecast_weather/coord_entity.dart
DA:7,2
DA:12,1
DA:13,3
LF:3
LH:3
end_of_record
SF:lib/domain/entities/forecast_weather/forecast_part_entity.dart
DA:22,1
DA:34,1
DA:36,11
DA:38,0
DA:40,0
DA:41,0
DA:43,0
LF:7
LH:3
end_of_record
SF:lib/domain/entities/forecast_weather/forecast_weather_entity.dart
DA:12,1
DA:20,1
DA:21,6
LF:3
LH:3
end_of_record
SF:lib/domain/entities/forecast_weather/wind_entity.dart
DA:8,2
DA:14,1
DA:15,4
LF:3
LH:3
end_of_record
SF:lib/data/dto/forecast_weather/rain_dto.g.dart
DA:9,0
DA:10,0
DA:13,0
DA:14,0
DA:15,0
LF:5
LH:0
end_of_record
SF:lib/data/dto/forecast_weather/rain_dto.dart
DA:12,0
DA:13,0
DA:17,0
DA:18,0
LF:4
LH:0
end_of_record
SF:lib/domain/entities/forecast_weather/rain_entity.dart
DA:6,0
DA:8,0
DA:9,0
LF:3
LH:0
end_of_record
SF:lib/data/datasources/remote/openweathermap_api_data_source.dart
DA:17,1
DA:21,1
DA:24,1
DA:38,1
DA:41,3
DA:44,2
DA:46,2
DA:49,1
DA:51,2
DA:53,2
DA:55,3
DA:58,1
DA:61,0
DA:65,0
DA:71,1
DA:74,1
DA:91,1
DA:94,3
DA:97,2
DA:99,2
DA:102,1
DA:104,2
DA:106,2
DA:108,3
DA:111,1
DA:114,0
DA:118,0
LF:27
LH:23
end_of_record
SF:lib/data/repository/current_weather_repo_impl.dart
DA:12,0
DA:17,0
DA:20,0
DA:21,0
DA:25,0
LF:5
LH:0
end_of_record
SF:lib/domain/bloc/current_weather/current_weather_cubit.dart
DA:14,1
DA:16,2
DA:19,1
DA:22,2
DA:30,2
DA:31,1
DA:32,2
DA:33,2
DA:34,1
DA:35,0
DA:36,1
DA:37,0
LF:12
LH:10
end_of_record
SF:lib/domain/bloc/current_weather/current_weather_state.dart
DA:16,2
DA:22,1
DA:23,4
LF:3
LH:3
end_of_record
SF:lib/domain/interfaces/current_weather_repo.dart
DA:5,0
LF:1
LH:0
end_of_record
SF:lib/presentation/screens/city_input_page.dart
DA:11,0
DA:13,0
DA:15,0
DA:17,0
DA:18,0
DA:27,2
DA:29,0
DA:31,1
DA:32,1
DA:42,1
DA:45,2
DA:47,1
DA:51,0
DA:53,0
DA:54,0
DA:55,0
DA:56,0
DA:58,0
DA:61,0
DA:65,0
DA:67,0
DA:69,0
DA:71,0
DA:73,0
DA:76,0
DA:82,0
DA:84,0
DA:88,1
DA:90,1
DA:92,1
DA:95,1
DA:101,1
DA:105,1
DA:107,1
DA:112,1
DA:116,2
DA:118,1
DA:119,2
DA:128,1
DA:132,1
DA:133,0
LF:41
LH:19
end_of_record
SF:lib/domain/bloc/app_settings/app_settings_state.dart
DA:8,0
DA:10,0
DA:11,0
LF:3
LH:0
end_of_record
SF:lib/domain/bloc/app_settings/app_settings_cubit.dart
DA:14,0
DA:15,0
DA:18,0
DA:20,0
DA:22,0
DA:26,0
DA:30,0
DA:32,0
LF:8
LH:0
end_of_record
SF:lib/domain/bloc/internet_connection/connected_bloc.dart
DA:20,0
DA:22,0
DA:25,0
DA:27,0
DA:30,0
DA:32,0
DA:34,0
DA:35,0
DA:40,0
DA:41,0
DA:42,0
DA:44,0
DA:47,0
DA:53,0
DA:56,0
DA:57,0
LF:16
LH:0
end_of_record
